<?xml version="1.0" encoding="UTF-8"?>
<!-- Generated by org.testng.reporters.JUnitXMLReporter -->
<testsuite hostname="DESKTOP-GQ3E5A1" ignored="4" tests="0" failures="0" timestamp="24 Sep 2019 00:50:02 GMT" time="0.008" errors="0">
  <testcase name="bye" time="0.0" classname="simple_demo.SimpleTestNGDemo">
    <ignored/>
  </testcase> <!-- bye -->
  <testcase name="hello" time="0.0" classname="simple_demo.SimpleTestNGDemo">
    <ignored/>
  </testcase> <!-- hello -->
  <testcase name="excited" time="0.0" classname="simple_demo.SimpleTestNGDemo">
    <ignored/>
  </testcase> <!-- excited -->
  <testcase name="zzz" time="0.0" classname="simple_demo.AnotherDemo">
    <ignored/>
  </testcase> <!-- zzz -->
</testsuite>
