<?xml version="1.0" encoding="UTF-8"?>
<!-- Generated by org.testng.reporters.JUnitXMLReporter -->
<testsuite hostname="DESKTOP-GQ3E5A1" ignored="1" name="Default test" tests="2" failures="0" timestamp="24 Sep 2019 00:10:14 GMT" time="0.148" errors="0">
  <testcase name="excited" time="0.045" classname="simple_demo.SimpleTestNGDemo"/>
  <testcase name="hello" time="0.004" classname="simple_demo.SimpleTestNGDemo"/>
  <testcase name="bye" time="0.0" classname="simple_demo.SimpleTestNGDemo">
    <ignored/>
  </testcase> <!-- bye -->
</testsuite> <!-- Default test -->
